  main.cpp
e:\opengl\projects\computergraphics\opengglcourse\opengglcourse\course\triangle.h(203): warning C4244: “初始化”: 从“double”转换到“float”，可能丢失数据
e:\opengl\projects\computergraphics\opengglcourse\opengglcourse\tools\shader.h(47): warning C4101: “e”: 未引用的局部变量
e:\opengl\projects\computergraphics\opengglcourse\opengglcourse\course\camera.h(27): warning C4244: “=”: 从“double”转换到“float”，可能丢失数据
e:\opengl\projects\computergraphics\opengglcourse\opengglcourse\course\camera.h(28): warning C4244: “=”: 从“double”转换到“float”，可能丢失数据
e:\opengl\projects\computergraphics\opengglcourse\opengglcourse\course\camera.h(32): warning C4244: “初始化”: 从“double”转换到“float”，可能丢失数据
e:\opengl\projects\computergraphics\opengglcourse\opengglcourse\course\camera.h(33): warning C4244: “初始化”: 从“double”转换到“float”，可能丢失数据
e:\opengl\projects\computergraphics\opengglcourse\opengglcourse\course\camera.h(34): warning C4244: “=”: 从“double”转换到“float”，可能丢失数据
e:\opengl\projects\computergraphics\opengglcourse\opengglcourse\course\camera.h(35): warning C4244: “=”: 从“double”转换到“float”，可能丢失数据
e:\opengl\projects\computergraphics\opengglcourse\opengglcourse\course\camera.h(44): warning C4244: “参数”: 从“double”转换到“float”，可能丢失数据
e:\opengl\projects\computergraphics\opengglcourse\opengglcourse\course\camera.h(53): warning C4244: “初始化”: 从“double”转换到“float”，可能丢失数据
e:\opengl\projects\computergraphics\opengglcourse\opengglcourse\course\camera.h(247): warning C4244: “初始化”: 从“double”转换到“float”，可能丢失数据
e:\opengl\projects\computergraphics\opengglcourse\opengglcourse\course\21color.h(46): warning C4244: “=”: 从“double”转换到“float”，可能丢失数据
e:\opengl\projects\computergraphics\opengglcourse\opengglcourse\course\21color.h(47): warning C4244: “=”: 从“double”转换到“float”，可能丢失数据
e:\opengl\projects\computergraphics\opengglcourse\opengglcourse\course\21color.h(51): warning C4244: “初始化”: 从“double”转换到“float”，可能丢失数据
e:\opengl\projects\computergraphics\opengglcourse\opengglcourse\course\21color.h(52): warning C4244: “初始化”: 从“double”转换到“float”，可能丢失数据
e:\opengl\projects\computergraphics\opengglcourse\opengglcourse\course\21color.h(54): warning C4244: “=”: 从“double”转换到“float”，可能丢失数据
e:\opengl\projects\computergraphics\opengglcourse\opengglcourse\course\21color.h(55): warning C4244: “=”: 从“double”转换到“float”，可能丢失数据
e:\opengl\projects\computergraphics\opengglcourse\opengglcourse\course\21color.h(64): warning C4244: “参数”: 从“double”转换到“float”，可能丢失数据
e:\opengl\projects\computergraphics\opengglcourse\opengglcourse\course\21color.h(199): warning C4244: “初始化”: 从“double”转换到“float”，可能丢失数据
  utils.cpp
  正在生成代码...
  OpengGlCourse.vcxproj -> E:\OpenGl\Projects\ComputerGraphics\OpengGlCourse\Debug\OpengGlCourse.exe
