e:\opengl\projects\opengglcourse\opengglcourse\debug\vc141.pdb
e:\opengl\projects\opengglcourse\opengglcourse\debug\vc141.idb
e:\opengl\projects\opengglcourse\opengglcourse\debug\glad.obj
e:\opengl\projects\opengglcourse\opengglcourse\debug\main.obj
e:\opengl\projects\opengglcourse\debug\opengglcourse.ilk
e:\opengl\projects\opengglcourse\debug\opengglcourse.exe
e:\opengl\projects\opengglcourse\debug\opengglcourse.pdb
e:\opengl\projects\computergraphics\opengglcourse\opengglcourse\debug\glad.obj
e:\opengl\projects\computergraphics\opengglcourse\opengglcourse\debug\main.obj
e:\opengl\projects\computergraphics\opengglcourse\opengglcourse\debug\vc141.idb
e:\opengl\projects\computergraphics\opengglcourse\opengglcourse\debug\vc141.pdb
e:\opengl\projects\computergraphics\opengglcourse\debug\opengglcourse.pdb
e:\opengl\projects\computergraphics\opengglcourse\debug\opengglcourse.exe
e:\opengl\projects\computergraphics\opengglcourse\debug\opengglcourse.ilk
e:\opengl\projects\computergraphics\opengglcourse\opengglcourse\debug\opengglcourse.tlog\cl.command.1.tlog
e:\opengl\projects\computergraphics\opengglcourse\opengglcourse\debug\opengglcourse.tlog\cl.read.1.tlog
e:\opengl\projects\computergraphics\opengglcourse\opengglcourse\debug\opengglcourse.tlog\cl.write.1.tlog
e:\opengl\projects\computergraphics\opengglcourse\opengglcourse\debug\opengglcourse.tlog\link.command.1.tlog
e:\opengl\projects\computergraphics\opengglcourse\opengglcourse\debug\opengglcourse.tlog\link.read.1.tlog
e:\opengl\projects\computergraphics\opengglcourse\opengglcourse\debug\opengglcourse.tlog\link.write.1.tlog
